"C:\\qnx660\\host\\win32\\x86\\usr\\bin\\make.exe" -k CPULIST=x86 "EXTRA_SUFFIXES=cpp " all --file=C:/Users/abs949/AppData/Local/Temp/QMakefile14818071672674971672193584191851.tmp 
C:/qnx660/host/win32/x86/usr/bin/make.exe -j 1 -Cx86 -fMakefile all
make.exe[1]: Entering directory `C:/myapp/workspace/conveyorWork/x86'
C:/qnx660/host/win32/x86/usr/bin/make.exe -j 1 -Co -fMakefile all 
make.exe[2]: Entering directory `C:/myapp/workspace/conveyorWork/x86/o'
C:/qnx660/host/win32/x86/usr/bin/qcc -Vgcc_ntox86 -c -Wc,-Wall  -Os -Y _gpp          -DNDEBUG    -I. -IC:/myapp/workspace/conveyorWork/x86/o -IC:/myapp/workspace/conveyorWork/x86 -IC:/myapp/workspace/conveyorWork -IC:/myapp/workspace/conveyorWork/src -IC:/myapp/workspace/conveyorWork/src/lib -IC:/myapp/workspace/conveyorWork/Logger -IC:/myapp/workspace/conveyorWork/stateMachine -IC:/myapp/workspace/conveyorWork/ConfigManagement -IC:/myapp/workspace/conveyorWork/Hal -IC:/myapp/workspace/conveyorWork/Hal/ISR -IC:/myapp/workspace/conveyorWork/Hal/SerialInterface -IC:/myapp/workspace/conveyorWork/Entity -IC:/myapp/workspace/conveyorWork/Thread -IC:/myapp/workspace/conveyorWork/Controller -IC:/myapp/workspace/conveyorWork/Serializer -IC:/myapp/workspace/conveyorWork/FSM -IC:/qnx660/target/qnx6/usr/include -IC:/qnx660/target/qnx6/usr/include     -DBUILDENV_qss   C:/myapp/workspace/conveyorWork/FSM/ContextTimeout.cpp 
C:/qnx660/host/win32/x86/usr/bin/rm -f  C:/myapp/workspace/conveyorWork/x86/o/conveyorWork
C:/qnx660/host/win32/x86/usr/bin/qcc -Vgcc_ntox86  -lang-c++ -lang-c++ -Y _gpp    -o C:/myapp/workspace/conveyorWork/x86/o/conveyorWork    Adapter.o    Altimetry.o    BlinkRedThread.o    BlinkYellowThread.o    ConfigFile.o    ConfigUpdaterThread.o    ContextConveyor1.o    ContextConveyor2.o    ContextMotor.o    ContextSorting.o    ContextSwitch.o    ContextTimeMeasurementFast.o    ContextTimeMeasurementSlow.o    ContextTimeout.o    ContextTimer.o    ContextTopFSM1.o    ContextTopFSM2.o    ContextTopFSM3.o    ConveyorOneController.o    ConveyorThread.o    ConveyorThreeController.o    ConveyorTwoController.o    Dispatcher.o    HAWThread.o    HalBuilder.o    Hardware.o    HumanMachineInterface.o    InfoMessage.o    InterruptHandler.o    Lock.o    Logger.o    MeasuringTool.o    MessageTokenRing.o    Motor.o    Mutexo.o    Parameter.o    ParameterBase.o    ParameterList.o    Pin.o    Serial.o    SerialMessage.o    SerialMessageRecvThread.o    SerialMessageWatchdogThread.o    Serializer.o    SerializerAdapter.o    SignalHandlerThread.o    Switchtimer_Thread.o    Timer.o    TrafficLight.o    WorkpieceMessage.o    conveyor.o   -L . -L C:/qnx660/target/qnx6/x86/lib -L C:/qnx660/target/qnx6/x86/usr/lib  -Wl,--rpath-link . -Wl,--rpath-link C:/qnx660/target/qnx6/x86/lib -Wl,--rpath-link C:/qnx660/target/qnx6/x86/usr/lib    -lcpt_terminal     
make.exe[2]: Leaving directory `C:/myapp/workspace/conveyorWork/x86/o'
C:/qnx660/host/win32/x86/usr/bin/make.exe -j 1 -Co-g -fMakefile all
make.exe[2]: Entering directory `C:/myapp/workspace/conveyorWork/x86/o-g'
C:/qnx660/host/win32/x86/usr/bin/qcc -Vgcc_ntox86 -c -Wc,-Wall   -Y _gpp              -I. -IC:/myapp/workspace/conveyorWork/x86/o -IC:/myapp/workspace/conveyorWork/x86/o-g -IC:/myapp/workspace/conveyorWork/x86 -IC:/myapp/workspace/conveyorWork -IC:/myapp/workspace/conveyorWork/src -IC:/myapp/workspace/conveyorWork/src/lib -IC:/myapp/workspace/conveyorWork/Logger -IC:/myapp/workspace/conveyorWork/stateMachine -IC:/myapp/workspace/conveyorWork/ConfigManagement -IC:/myapp/workspace/conveyorWork/Hal -IC:/myapp/workspace/conveyorWork/Hal/ISR -IC:/myapp/workspace/conveyorWork/Hal/SerialInterface -IC:/myapp/workspace/conveyorWork/Entity -IC:/myapp/workspace/conveyorWork/Thread -IC:/myapp/workspace/conveyorWork/Controller -IC:/myapp/workspace/conveyorWork/Serializer -IC:/myapp/workspace/conveyorWork/FSM -IC:/qnx660/target/qnx6/usr/include -IC:/qnx660/target/qnx6/usr/include    -g    -DVARIANT_g -DBUILDENV_qss   C:/myapp/workspace/conveyorWork/FSM/ContextTimeout.cpp 
C:/qnx660/host/win32/x86/usr/bin/rm -f  C:/myapp/workspace/conveyorWork/x86/o-g/conveyorWork_g
C:/qnx660/host/win32/x86/usr/bin/qcc -Vgcc_ntox86  -lang-c++ -lang-c++ -Y _gpp    -o C:/myapp/workspace/conveyorWork/x86/o-g/conveyorWork_g    Adapter.o    Altimetry.o    BlinkRedThread.o    BlinkYellowThread.o    ConfigFile.o    ConfigUpdaterThread.o    ContextConveyor1.o    ContextConveyor2.o    ContextMotor.o    ContextSorting.o    ContextSwitch.o    ContextTimeMeasurementFast.o    ContextTimeMeasurementSlow.o    ContextTimeout.o    ContextTimer.o    ContextTopFSM1.o    ContextTopFSM2.o    ContextTopFSM3.o    ConveyorOneController.o    ConveyorThread.o    ConveyorThreeController.o    ConveyorTwoController.o    Dispatcher.o    HAWThread.o    HalBuilder.o    Hardware.o    HumanMachineInterface.o    InfoMessage.o    InterruptHandler.o    Lock.o    Logger.o    MeasuringTool.o    MessageTokenRing.o    Motor.o    Mutexo.o    Parameter.o    ParameterBase.o    ParameterList.o    Pin.o    Serial.o    SerialMessage.o    SerialMessageRecvThread.o    SerialMessageWatchdogThread.o    Serializer.o    SerializerAdapter.o    SignalHandlerThread.o    Switchtimer_Thread.o    Timer.o    TrafficLight.o    WorkpieceMessage.o    conveyor.o   -L . -L C:/qnx660/target/qnx6/x86/lib -L C:/qnx660/target/qnx6/x86/usr/lib  -Wl,--rpath-link . -Wl,--rpath-link C:/qnx660/target/qnx6/x86/lib -Wl,--rpath-link C:/qnx660/target/qnx6/x86/usr/lib    -lcpt_terminal   -g     
make.exe[2]: Leaving directory `C:/myapp/workspace/conveyorWork/x86/o-g'
make.exe[1]: Leaving directory `C:/myapp/workspace/conveyorWork/x86'
"C:\\qnx660\\host\\win32\\x86\\usr\\bin\\make.exe" -k CPULIST=x86 "EXTRA_SUFFIXES=cpp " all --file=C:/Users/abs949/AppData/Local/Temp/QMakefile14818072468415629400794864663224.tmp 
C:/qnx660/host/win32/x86/usr/bin/make.exe -j 1 -Cx86 -fMakefile all
make.exe[1]: Entering directory `C:/myapp/workspace/conveyorWork/x86'
C:/qnx660/host/win32/x86/usr/bin/make.exe -j 1 -Co -fMakefile all 
make.exe[2]: Entering directory `C:/myapp/workspace/conveyorWork/x86/o'
C:/qnx660/host/win32/x86/usr/bin/qcc -Vgcc_ntox86 -c -Wc,-Wall  -Os -Y _gpp          -DNDEBUG    -I. -IC:/myapp/workspace/conveyorWork/x86/o -IC:/myapp/workspace/conveyorWork/x86 -IC:/myapp/workspace/conveyorWork -IC:/myapp/workspace/conveyorWork/src -IC:/myapp/workspace/conveyorWork/src/lib -IC:/myapp/workspace/conveyorWork/Logger -IC:/myapp/workspace/conveyorWork/stateMachine -IC:/myapp/workspace/conveyorWork/ConfigManagement -IC:/myapp/workspace/conveyorWork/Hal -IC:/myapp/workspace/conveyorWork/Hal/ISR -IC:/myapp/workspace/conveyorWork/Hal/SerialInterface -IC:/myapp/workspace/conveyorWork/Entity -IC:/myapp/workspace/conveyorWork/Thread -IC:/myapp/workspace/conveyorWork/Controller -IC:/myapp/workspace/conveyorWork/Serializer -IC:/myapp/workspace/conveyorWork/FSM -IC:/qnx660/target/qnx6/usr/include -IC:/qnx660/target/qnx6/usr/include     -DBUILDENV_qss   C:/myapp/workspace/conveyorWork/FSM/ContextTimer.cpp 
C:/qnx660/host/win32/x86/usr/bin/rm -f  C:/myapp/workspace/conveyorWork/x86/o/conveyorWork
C:/qnx660/host/win32/x86/usr/bin/qcc -Vgcc_ntox86  -lang-c++ -lang-c++ -Y _gpp    -o C:/myapp/workspace/conveyorWork/x86/o/conveyorWork    Adapter.o    Altimetry.o    BlinkRedThread.o    BlinkYellowThread.o    ConfigFile.o    ConfigUpdaterThread.o    ContextConveyor1.o    ContextConveyor2.o    ContextMotor.o    ContextSorting.o    ContextSwitch.o    ContextTimeMeasurementFast.o    ContextTimeMeasurementSlow.o    ContextTimeout.o    ContextTimer.o    ContextTopFSM1.o    ContextTopFSM2.o    ContextTopFSM3.o    ConveyorOneController.o    ConveyorThread.o    ConveyorThreeController.o    ConveyorTwoController.o    Dispatcher.o    HAWThread.o    HalBuilder.o    Hardware.o    HumanMachineInterface.o    InfoMessage.o    InterruptHandler.o    Lock.o    Logger.o    MeasuringTool.o    MessageTokenRing.o    Motor.o    Mutexo.o    Parameter.o    ParameterBase.o    ParameterList.o    Pin.o    Serial.o    SerialMessage.o    SerialMessageRecvThread.o    SerialMessageWatchdogThread.o    Serializer.o    SerializerAdapter.o    SignalHandlerThread.o    Switchtimer_Thread.o    Timer.o    TrafficLight.o    WorkpieceMessage.o    conveyor.o   -L . -L C:/qnx660/target/qnx6/x86/lib -L C:/qnx660/target/qnx6/x86/usr/lib  -Wl,--rpath-link . -Wl,--rpath-link C:/qnx660/target/qnx6/x86/lib -Wl,--rpath-link C:/qnx660/target/qnx6/x86/usr/lib    -lcpt_terminal     
ContextTopFSM3.o: In function `Data3::Data3(int, std::vector<Puck, std::allocator<Puck> >*)':
ContextTopFSM3.cpp:(.text._ZN5Data3C2EiPSt6vectorI4PuckSaIS1_EE[_ZN5Data3C5EiPSt6vectorI4PuckSaIS1_EE]+0x14): undefined reference to `ContextTimer::getInstance()'
ContextTopFSM3.cpp:(.text._ZN5Data3C2EiPSt6vectorI4PuckSaIS1_EE[_ZN5Data3C5EiPSt6vectorI4PuckSaIS1_EE]+0x1c): undefined reference to `ContextTimer::getInstance()'
make.exe[2]: Leaving directory `C:/myapp/workspace/conveyorWork/x86/o'
ContextTopFSM3.cpp:(.text._ZN5Data3C2EiPSt6vectorI4PuckSaIS1_EE[_ZN5Data3C5EiPSt6vectorI4PuckSaIS1_EE]+0x24): undefined reference to `ContextTimer::getInstance()'
C:/qnx660/host/win32/x86/usr/bin/make.exe -j 1 -Co-g -fMakefile all
ContextTopFSM3.cpp:(.text._ZN5Data3C2EiPSt6vectorI4PuckSaIS1_EE[_ZN5Data3C5EiPSt6vectorI4PuckSaIS1_EE]+0x2c): undefined reference to `ContextTimer::getInstance()'
ContextTopFSM3.cpp:(.text._ZN5Data3C2EiPSt6vectorI4PuckSaIS1_EE[_ZN5Data3C5EiPSt6vectorI4PuckSaIS1_EE]+0x34): undefined reference to `ContextTimer::getInstance()'
ContextTopFSM3.o:ContextTopFSM3.cpp:(.text._ZN5Data3C2EiPSt6vectorI4PuckSaIS1_EE[_ZN5Data3C5EiPSt6vectorI4PuckSaIS1_EE]+0x3c): more undefined references to `ContextTimer::getInstance()' follow
cc: C:/qnx660/host/win32/x86/usr/bin/i486-pc-nto-qnx6.6.0-ld caught signal 1
make.exe[2]: *** [C:/myapp/workspace/conveyorWork/x86/o/conveyorWork] Error 1
make.exe[2]: Target `all' not remade because of errors.
make.exe[1]: [all] Error 2 (ignored)
make.exe[2]: Entering directory `C:/myapp/workspace/conveyorWork/x86/o-g'
C:/qnx660/host/win32/x86/usr/bin/qcc -Vgcc_ntox86 -c -Wc,-Wall   -Y _gpp              -I. -IC:/myapp/workspace/conveyorWork/x86/o -IC:/myapp/workspace/conveyorWork/x86/o-g -IC:/myapp/workspace/conveyorWork/x86 -IC:/myapp/workspace/conveyorWork -IC:/myapp/workspace/conveyorWork/src -IC:/myapp/workspace/conveyorWork/src/lib -IC:/myapp/workspace/conveyorWork/Logger -IC:/myapp/workspace/conveyorWork/stateMachine -IC:/myapp/workspace/conveyorWork/ConfigManagement -IC:/myapp/workspace/conveyorWork/Hal -IC:/myapp/workspace/conveyorWork/Hal/ISR -IC:/myapp/workspace/conveyorWork/Hal/SerialInterface -IC:/myapp/workspace/conveyorWork/Entity -IC:/myapp/workspace/conveyorWork/Thread -IC:/myapp/workspace/conveyorWork/Controller -IC:/myapp/workspace/conveyorWork/Serializer -IC:/myapp/workspace/conveyorWork/FSM -IC:/qnx660/target/qnx6/usr/include -IC:/qnx660/target/qnx6/usr/include    -g    -DVARIANT_g -DBUILDENV_qss   C:/myapp/workspace/conveyorWork/FSM/ContextTimer.cpp 
C:/qnx660/host/win32/x86/usr/bin/rm -f  C:/myapp/workspace/conveyorWork/x86/o-g/conveyorWork_g
C:/qnx660/host/win32/x86/usr/bin/qcc -Vgcc_ntox86  -lang-c++ -lang-c++ -Y _gpp    -o C:/myapp/workspace/conveyorWork/x86/o-g/conveyorWork_g    Adapter.o    Altimetry.o    BlinkRedThread.o    BlinkYellowThread.o    ConfigFile.o    ConfigUpdaterThread.o    ContextConveyor1.o    ContextConveyor2.o    ContextMotor.o    ContextSorting.o    ContextSwitch.o    ContextTimeMeasurementFast.o    ContextTimeMeasurementSlow.o    ContextTimeout.o    ContextTimer.o    ContextTopFSM1.o    ContextTopFSM2.o    ContextTopFSM3.o    ConveyorOneController.o    ConveyorThread.o    ConveyorThreeController.o    ConveyorTwoController.o    Dispatcher.o    HAWThread.o    HalBuilder.o    Hardware.o    HumanMachineInterface.o    InfoMessage.o    InterruptHandler.o    Lock.o    Logger.o    MeasuringTool.o    MessageTokenRing.o    Motor.o    Mutexo.o    Parameter.o    ParameterBase.o    ParameterList.o    Pin.o    Serial.o    SerialMessage.o    SerialMessageRecvThread.o    SerialMessageWatchdogThread.o    Serializer.o    SerializerAdapter.o    SignalHandlerThread.o    Switchtimer_Thread.o    Timer.o    TrafficLight.o    WorkpieceMessage.o    conveyor.o   -L . -L C:/qnx660/target/qnx6/x86/lib -L C:/qnx660/target/qnx6/x86/usr/lib  -Wl,--rpath-link . -Wl,--rpath-link C:/qnx660/target/qnx6/x86/lib -Wl,--rpath-link C:/qnx660/target/qnx6/x86/usr/lib    -lcpt_terminal   -g     
ContextTopFSM3.o: In function `Data3::Data3(int, std::vector<Puck, std::allocator<Puck> >*)':
C:/myapp/workspace/conveyorWork/FSM/ContextConveyor3.h:38: undefined reference to `ContextTimer::getInstance()'
C:/myapp/workspace/conveyorWork/FSM/ContextConveyor3.h:39: undefined reference to `ContextTimer::getInstance()'
C:/myapp/workspace/conveyorWork/FSM/ContextConveyor3.h:40: undefined reference to `ContextTimer::getInstance()'
C:/myapp/workspace/conveyorWork/FSM/ContextConveyor3.h:41: undefined reference to `ContextTimer::getInstance()'
C:/myapp/workspace/conveyorWork/FSM/ContextConveyor3.h:42: undefined reference to `ContextTimer::getInstance()'
ContextTopFSM3.o:C:/myapp/workspace/conveyorWork/FSM/ContextConveyor3.h:43: more undefined references to `ContextTimer::getInstance()' follow
cc: C:/qnx660/host/win32/x86/usr/bin/i486-pc-nto-qnx6.6.0-ld caught signal 1
make.exe[2]: Leaving directory `C:/myapp/workspace/conveyorWork/x86/o-g'
make.exe[2]: *** [C:/myapp/workspace/conveyorWork/x86/o-g/conveyorWork_g] Error 1
make.exe[2]: Target `all' not remade because of errors.
make.exe[1]: [all] Error 2 (ignored)
make.exe[1]: Leaving directory `C:/myapp/workspace/conveyorWork/x86'
"C:\\qnx660\\host\\win32\\x86\\usr\\bin\\make.exe" -k CPULIST=x86 "EXTRA_SUFFIXES=cpp " all --file=C:/Users/abs949/AppData/Local/Temp/QMakefile14818078323208910982635455766280.tmp 
C:/qnx660/host/win32/x86/usr/bin/make.exe -j 1 -Cx86 -fMakefile all
make.exe[1]: Entering directory `C:/myapp/workspace/conveyorWork/x86'
C:/qnx660/host/win32/x86/usr/bin/make.exe -j 1 -Co -fMakefile all 
make.exe[2]: Entering directory `C:/myapp/workspace/conveyorWork/x86/o'
C:/qnx660/host/win32/x86/usr/bin/qcc -Vgcc_ntox86 -c -Wc,-Wall  -Os -Y _gpp          -DNDEBUG    -I. -IC:/myapp/workspace/conveyorWork/x86/o -IC:/myapp/workspace/conveyorWork/x86 -IC:/myapp/workspace/conveyorWork -IC:/myapp/workspace/conveyorWork/src -IC:/myapp/workspace/conveyorWork/src/lib -IC:/myapp/workspace/conveyorWork/Logger -IC:/myapp/workspace/conveyorWork/stateMachine -IC:/myapp/workspace/conveyorWork/ConfigManagement -IC:/myapp/workspace/conveyorWork/Hal -IC:/myapp/workspace/conveyorWork/Hal/ISR -IC:/myapp/workspace/conveyorWork/Hal/SerialInterface -IC:/myapp/workspace/conveyorWork/Entity -IC:/myapp/workspace/conveyorWork/Thread -IC:/myapp/workspace/conveyorWork/Controller -IC:/myapp/workspace/conveyorWork/Serializer -IC:/myapp/workspace/conveyorWork/FSM -IC:/qnx660/target/qnx6/usr/include -IC:/qnx660/target/qnx6/usr/include     -DBUILDENV_qss   C:/myapp/workspace/conveyorWork/FSM/ContextTimer.cpp 
C:/qnx660/host/win32/x86/usr/bin/rm -f  C:/myapp/workspace/conveyorWork/x86/o/conveyorWork
C:/qnx660/host/win32/x86/usr/bin/qcc -Vgcc_ntox86  -lang-c++ -lang-c++ -Y _gpp    -o C:/myapp/workspace/conveyorWork/x86/o/conveyorWork    Adapter.o    Altimetry.o    BlinkRedThread.o    BlinkYellowThread.o    ConfigFile.o    ConfigUpdaterThread.o    ContextConveyor1.o    ContextConveyor2.o    ContextMotor.o    ContextSorting.o    ContextSwitch.o    ContextTimeMeasurementFast.o    ContextTimeMeasurementSlow.o    ContextTimeout.o    ContextTimer.o    ContextTopFSM1.o    ContextTopFSM2.o    ContextTopFSM3.o    ConveyorOneController.o    ConveyorThread.o    ConveyorThreeController.o    ConveyorTwoController.o    Dispatcher.o    HAWThread.o    HalBuilder.o    Hardware.o    HumanMachineInterface.o    InfoMessage.o    InterruptHandler.o    Lock.o    Logger.o    MeasuringTool.o    MessageTokenRing.o    Motor.o    Mutexo.o    Parameter.o    ParameterBase.o    ParameterList.o    Pin.o    Serial.o    SerialMessage.o    SerialMessageRecvThread.o    SerialMessageWatchdogThread.o    Serializer.o    SerializerAdapter.o    SignalHandlerThread.o    Switchtimer_Thread.o    Timer.o    TrafficLight.o    WorkpieceMessage.o    conveyor.o   -L . -L C:/qnx660/target/qnx6/x86/lib -L C:/qnx660/target/qnx6/x86/usr/lib  -Wl,--rpath-link . -Wl,--rpath-link C:/qnx660/target/qnx6/x86/lib -Wl,--rpath-link C:/qnx660/target/qnx6/x86/usr/lib    -lcpt_terminal     
make.exe[2]: Leaving directory `C:/myapp/workspace/conveyorWork/x86/o'
C:/qnx660/host/win32/x86/usr/bin/make.exe -j 1 -Co-g -fMakefile all
make.exe[2]: Entering directory `C:/myapp/workspace/conveyorWork/x86/o-g'
C:/qnx660/host/win32/x86/usr/bin/qcc -Vgcc_ntox86 -c -Wc,-Wall   -Y _gpp              -I. -IC:/myapp/workspace/conveyorWork/x86/o -IC:/myapp/workspace/conveyorWork/x86/o-g -IC:/myapp/workspace/conveyorWork/x86 -IC:/myapp/workspace/conveyorWork -IC:/myapp/workspace/conveyorWork/src -IC:/myapp/workspace/conveyorWork/src/lib -IC:/myapp/workspace/conveyorWork/Logger -IC:/myapp/workspace/conveyorWork/stateMachine -IC:/myapp/workspace/conveyorWork/ConfigManagement -IC:/myapp/workspace/conveyorWork/Hal -IC:/myapp/workspace/conveyorWork/Hal/ISR -IC:/myapp/workspace/conveyorWork/Hal/SerialInterface -IC:/myapp/workspace/conveyorWork/Entity -IC:/myapp/workspace/conveyorWork/Thread -IC:/myapp/workspace/conveyorWork/Controller -IC:/myapp/workspace/conveyorWork/Serializer -IC:/myapp/workspace/conveyorWork/FSM -IC:/qnx660/target/qnx6/usr/include -IC:/qnx660/target/qnx6/usr/include    -g    -DVARIANT_g -DBUILDENV_qss   C:/myapp/workspace/conveyorWork/FSM/ContextTimer.cpp 
C:/qnx660/host/win32/x86/usr/bin/rm -f  C:/myapp/workspace/conveyorWork/x86/o-g/conveyorWork_g
C:/qnx660/host/win32/x86/usr/bin/qcc -Vgcc_ntox86  -lang-c++ -lang-c++ -Y _gpp    -o C:/myapp/workspace/conveyorWork/x86/o-g/conveyorWork_g    Adapter.o    Altimetry.o    BlinkRedThread.o    BlinkYellowThread.o    ConfigFile.o    ConfigUpdaterThread.o    ContextConveyor1.o    ContextConveyor2.o    ContextMotor.o    ContextSorting.o    ContextSwitch.o    ContextTimeMeasurementFast.o    ContextTimeMeasurementSlow.o    ContextTimeout.o    ContextTimer.o    ContextTopFSM1.o    ContextTopFSM2.o    ContextTopFSM3.o    ConveyorOneController.o    ConveyorThread.o    ConveyorThreeController.o    ConveyorTwoController.o    Dispatcher.o    HAWThread.o    HalBuilder.o    Hardware.o    HumanMachineInterface.o    InfoMessage.o    InterruptHandler.o    Lock.o    Logger.o    MeasuringTool.o    MessageTokenRing.o    Motor.o    Mutexo.o    Parameter.o    ParameterBase.o    ParameterList.o    Pin.o    Serial.o    SerialMessage.o    SerialMessageRecvThread.o    SerialMessageWatchdogThread.o    Serializer.o    SerializerAdapter.o    SignalHandlerThread.o    Switchtimer_Thread.o    Timer.o    TrafficLight.o    WorkpieceMessage.o    conveyor.o   -L . -L C:/qnx660/target/qnx6/x86/lib -L C:/qnx660/target/qnx6/x86/usr/lib  -Wl,--rpath-link . -Wl,--rpath-link C:/qnx660/target/qnx6/x86/lib -Wl,--rpath-link C:/qnx660/target/qnx6/x86/usr/lib    -lcpt_terminal   -g     
make.exe[2]: Leaving directory `C:/myapp/workspace/conveyorWork/x86/o-g'
make.exe[1]: Leaving directory `C:/myapp/workspace/conveyorWork/x86'
